<?xml version="1.0" encoding="UTF-8"?>
<testsuite xmlns:xsi="http://www.w3.org/2001/XMLSchema-instance" xsi:noNamespaceSchemaLocation="https://maven.apache.org/surefire/maven-surefire-plugin/xsd/surefire-test-report-3.0.xsd" version="3.0" name="sg.edu.nus.iss.cicddemo.CicdDemoApplicationTests" time="19.115" tests="1" errors="0" skipped="0" failures="0">
  <properties>
[...]
</properties>
  <testcase name="contextLoads" classname="sg.edu.nus.iss.cicddemo.CicdDemoApplicationTests" time="11.326">
    <system-out><![CDATA[17:52:15.267 [main] INFO org.springframework.test.context.support.AnnotationConfigContextLoaderUtils -- Could not detect default configuration classes for test class [sg.edu.nus.iss.cicddemo.CicdDemoApplicationTests]: CicdDemoApplicationTests does not declare any static, non-private, non-final, nested classes annotated with @Configuration.
17:52:16.098 [main] INFO org.springframework.boot.test.context.SpringBootTestContextBootstrapper -- Found @SpringBootConfiguration sg.edu.nus.iss.cicddemo.CicdDemoApplication for test class sg.edu.nus.iss.cicddemo.CicdDemoApplicationTests

  .   ____          _            __ _ _
 /\\ / ___'_ __ _ _(_)_ __  __ _ \ \ \ \
( ( )\___ | '_ | '_| | '_ \/ _` | \ \ \ \
 \\/  ___)| |_)| | | | | || (_| |  ) ) ) )
  '  |____| .__|_| |_|_| |_\__, | / / / /
 =========|_|==============|___/=/_/_/_/
 :: Spring Boot ::                (v3.2.2)

2024-01-28T17:52:18.212+08:00  INFO 15760 --- [           main] s.e.n.i.c.CicdDemoApplicationTests       : Starting CicdDemoApplicationTests using Java 18.0.2.1 with PID 15760 (started by sally in C:\eclipse\cicd-demo)
2024-01-28T17:52:18.218+08:00  INFO 15760 --- [           main] s.e.n.i.c.CicdDemoApplicationTests       : No active profile set, falling back to 1 default profile: "default"
2024-01-28T17:52:21.187+08:00  INFO 15760 --- [           main] s.e.n.i.c.CicdDemoApplicationTests       : Started CicdDemoApplicationTests in 3.921 seconds (process running for 11.92)
]]></system-out>
  </testcase>
</testsuite>